0 info it worked if it ends with ok
1 verbose cli [ '/usr/bin/nodejs',
1 verbose cli   '/usr/bin/npm',
1 verbose cli   'install',
1 verbose cli   '-g',
1 verbose cli   'localtunnel' ]
2 info using npm@1.3.10
3 info using node@v0.10.25
4 verbose cache add [ 'localtunnel', null ]
5 verbose cache add name=undefined spec="localtunnel" args=["localtunnel",null]
6 verbose parsed url { protocol: null,
6 verbose parsed url   slashes: null,
6 verbose parsed url   auth: null,
6 verbose parsed url   host: null,
6 verbose parsed url   port: null,
6 verbose parsed url   hostname: null,
6 verbose parsed url   hash: null,
6 verbose parsed url   search: null,
6 verbose parsed url   query: null,
6 verbose parsed url   pathname: 'localtunnel',
6 verbose parsed url   path: 'localtunnel',
6 verbose parsed url   href: 'localtunnel' }
7 silly lockFile a0661bc8-localtunnel localtunnel
8 verbose lock localtunnel /home/nikita/.npm/a0661bc8-localtunnel.lock
9 silly lockFile a0661bc8-localtunnel localtunnel
10 silly lockFile a0661bc8-localtunnel localtunnel
11 verbose addNamed [ 'localtunnel', '' ]
12 verbose addNamed [ null, '*' ]
13 silly lockFile c752cf78-localtunnel localtunnel@
14 verbose lock localtunnel@ /home/nikita/.npm/c752cf78-localtunnel.lock
15 silly addNameRange { name: 'localtunnel', range: '*', hasData: false }
16 verbose url raw localtunnel
17 verbose url resolving [ 'https://registry.npmjs.org/', './localtunnel' ]
18 verbose url resolved https://registry.npmjs.org/localtunnel
19 info trying registry request attempt 1 at 13:16:46
20 verbose etag "BV5FE7IH1JCYYTY496YZ6AZU0"
21 http GET https://registry.npmjs.org/localtunnel
22 http 200 https://registry.npmjs.org/localtunnel
23 silly registry.get cb [ 200,
23 silly registry.get   { date: 'Fri, 24 Oct 2014 09:16:46 GMT',
23 silly registry.get     server: 'CouchDB/1.5.0 (Erlang OTP/R16B03)',
23 silly registry.get     etag: '"42Q5G0MSF4CONU191D9I03EWV"',
23 silly registry.get     'content-type': 'application/json',
23 silly registry.get     'cache-control': 'max-age=60',
23 silly registry.get     'content-length': '20916',
23 silly registry.get     'accept-ranges': 'bytes',
23 silly registry.get     via: '1.1 varnish',
23 silly registry.get     age: '32',
23 silly registry.get     'x-served-by': 'cache-fra1226-FRA',
23 silly registry.get     'x-cache': 'HIT',
23 silly registry.get     'x-cache-hits': '1',
23 silly registry.get     'x-timer': 'S1414142206.532956,VS0,VE0',
23 silly registry.get     vary: 'Accept',
23 silly registry.get     'keep-alive': 'timeout=10, max=50',
23 silly registry.get     connection: 'Keep-Alive' } ]
24 silly addNameRange number 2 { name: 'localtunnel', range: '*', hasData: true }
25 silly addNameRange versions [ 'localtunnel',
25 silly addNameRange   [ '0.0.0',
25 silly addNameRange     '0.0.1',
25 silly addNameRange     '0.0.2',
25 silly addNameRange     '0.0.3',
25 silly addNameRange     '0.0.4',
25 silly addNameRange     '0.1.0',
25 silly addNameRange     '0.1.1',
25 silly addNameRange     '0.1.2',
25 silly addNameRange     '0.1.3',
25 silly addNameRange     '0.2.0',
25 silly addNameRange     '0.2.1',
25 silly addNameRange     '0.2.2',
25 silly addNameRange     '1.0.0',
25 silly addNameRange     '1.1.0',
25 silly addNameRange     '1.1.1',
25 silly addNameRange     '1.1.2',
25 silly addNameRange     '1.2.0',
25 silly addNameRange     '1.3.0',
25 silly addNameRange     '1.4.0' ] ]
26 verbose addNamed [ 'localtunnel', '1.4.0' ]
27 verbose addNamed [ '1.4.0', '1.4.0' ]
28 silly lockFile f1b27222-localtunnel-1-4-0 localtunnel@1.4.0
29 verbose lock localtunnel@1.4.0 /home/nikita/.npm/f1b27222-localtunnel-1-4-0.lock
30 silly lockFile 87a60252-ocaltunnel-localtunnel-1-4-0-tgz https://registry.npmjs.org/localtunnel/-/localtunnel-1.4.0.tgz
31 verbose lock https://registry.npmjs.org/localtunnel/-/localtunnel-1.4.0.tgz /home/nikita/.npm/87a60252-ocaltunnel-localtunnel-1-4-0-tgz.lock
32 verbose addRemoteTarball [ 'https://registry.npmjs.org/localtunnel/-/localtunnel-1.4.0.tgz',
32 verbose addRemoteTarball   '9303d4b5c5ecd1347cd2737147b4cd582af2dc30' ]
33 info retry fetch attempt 1 at 13:16:46
34 verbose fetch to= /home/nikita/tmp/npm-4012-JOGLBFq-/1414142206608-0.15864352462813258/tmp.tgz
35 http GET https://registry.npmjs.org/localtunnel/-/localtunnel-1.4.0.tgz
36 http 200 https://registry.npmjs.org/localtunnel/-/localtunnel-1.4.0.tgz
37 verbose tar unpack /home/nikita/tmp/npm-4012-JOGLBFq-/1414142206608-0.15864352462813258/tmp.tgz
38 silly lockFile 12e75c30-6608-0-15864352462813258-package tar:///home/nikita/tmp/npm-4012-JOGLBFq-/1414142206608-0.15864352462813258/package
39 verbose lock tar:///home/nikita/tmp/npm-4012-JOGLBFq-/1414142206608-0.15864352462813258/package /home/nikita/.npm/12e75c30-6608-0-15864352462813258-package.lock
40 silly lockFile 987f347b-6608-0-15864352462813258-tmp-tgz tar:///home/nikita/tmp/npm-4012-JOGLBFq-/1414142206608-0.15864352462813258/tmp.tgz
41 verbose lock tar:///home/nikita/tmp/npm-4012-JOGLBFq-/1414142206608-0.15864352462813258/tmp.tgz /home/nikita/.npm/987f347b-6608-0-15864352462813258-tmp-tgz.lock
42 silly gunzTarPerm modes [ '755', '644' ]
43 silly gunzTarPerm extractEntry package.json
44 silly gunzTarPerm extractEntry .npmignore
45 silly gunzTarPerm extractEntry README.md
46 silly gunzTarPerm extractEntry client.js
47 silly gunzTarPerm extractEntry .travis.yml
48 silly gunzTarPerm extractEntry History.md
49 silly gunzTarPerm extractEntry bin/client
50 silly gunzTarPerm extractEntry test/index.js
51 silly lockFile 12e75c30-6608-0-15864352462813258-package tar:///home/nikita/tmp/npm-4012-JOGLBFq-/1414142206608-0.15864352462813258/package
52 silly lockFile 12e75c30-6608-0-15864352462813258-package tar:///home/nikita/tmp/npm-4012-JOGLBFq-/1414142206608-0.15864352462813258/package
53 silly lockFile 987f347b-6608-0-15864352462813258-tmp-tgz tar:///home/nikita/tmp/npm-4012-JOGLBFq-/1414142206608-0.15864352462813258/tmp.tgz
54 silly lockFile 987f347b-6608-0-15864352462813258-tmp-tgz tar:///home/nikita/tmp/npm-4012-JOGLBFq-/1414142206608-0.15864352462813258/tmp.tgz
55 verbose tar pack [ '/home/nikita/.npm/localtunnel/1.4.0/package.tgz',
55 verbose tar pack   '/home/nikita/tmp/npm-4012-JOGLBFq-/1414142206608-0.15864352462813258/package' ]
56 verbose tarball /home/nikita/.npm/localtunnel/1.4.0/package.tgz
57 verbose folder /home/nikita/tmp/npm-4012-JOGLBFq-/1414142206608-0.15864352462813258/package
58 silly lockFile 12e75c30-6608-0-15864352462813258-package tar:///home/nikita/tmp/npm-4012-JOGLBFq-/1414142206608-0.15864352462813258/package
59 verbose lock tar:///home/nikita/tmp/npm-4012-JOGLBFq-/1414142206608-0.15864352462813258/package /home/nikita/.npm/12e75c30-6608-0-15864352462813258-package.lock
60 silly lockFile 9cac83d2-pm-localtunnel-1-4-0-package-tgz tar:///home/nikita/.npm/localtunnel/1.4.0/package.tgz
61 verbose lock tar:///home/nikita/.npm/localtunnel/1.4.0/package.tgz /home/nikita/.npm/9cac83d2-pm-localtunnel-1-4-0-package-tgz.lock
62 silly lockFile 12e75c30-6608-0-15864352462813258-package tar:///home/nikita/tmp/npm-4012-JOGLBFq-/1414142206608-0.15864352462813258/package
63 silly lockFile 12e75c30-6608-0-15864352462813258-package tar:///home/nikita/tmp/npm-4012-JOGLBFq-/1414142206608-0.15864352462813258/package
64 silly lockFile 9cac83d2-pm-localtunnel-1-4-0-package-tgz tar:///home/nikita/.npm/localtunnel/1.4.0/package.tgz
65 silly lockFile 9cac83d2-pm-localtunnel-1-4-0-package-tgz tar:///home/nikita/.npm/localtunnel/1.4.0/package.tgz
66 silly lockFile 19f03e97-ta-npm-localtunnel-1-4-0-package /home/nikita/.npm/localtunnel/1.4.0/package
67 verbose lock /home/nikita/.npm/localtunnel/1.4.0/package /home/nikita/.npm/19f03e97-ta-npm-localtunnel-1-4-0-package.lock
68 silly lockFile 19f03e97-ta-npm-localtunnel-1-4-0-package /home/nikita/.npm/localtunnel/1.4.0/package
69 silly lockFile 19f03e97-ta-npm-localtunnel-1-4-0-package /home/nikita/.npm/localtunnel/1.4.0/package
70 verbose tar unpack /home/nikita/.npm/localtunnel/1.4.0/package.tgz
71 silly lockFile 414efe23-ta-npm-localtunnel-1-4-0-package tar:///home/nikita/.npm/localtunnel/1.4.0/package
72 verbose lock tar:///home/nikita/.npm/localtunnel/1.4.0/package /home/nikita/.npm/414efe23-ta-npm-localtunnel-1-4-0-package.lock
73 silly lockFile 9cac83d2-pm-localtunnel-1-4-0-package-tgz tar:///home/nikita/.npm/localtunnel/1.4.0/package.tgz
74 verbose lock tar:///home/nikita/.npm/localtunnel/1.4.0/package.tgz /home/nikita/.npm/9cac83d2-pm-localtunnel-1-4-0-package-tgz.lock
75 silly gunzTarPerm modes [ '755', '644' ]
76 silly gunzTarPerm extractEntry package.json
77 silly gunzTarPerm extractEntry .npmignore
78 silly gunzTarPerm extractEntry README.md
79 silly gunzTarPerm extractEntry client.js
80 silly gunzTarPerm extractEntry .travis.yml
81 silly gunzTarPerm extractEntry History.md
82 silly gunzTarPerm extractEntry bin/client
83 silly gunzTarPerm extractEntry test/index.js
84 silly lockFile 414efe23-ta-npm-localtunnel-1-4-0-package tar:///home/nikita/.npm/localtunnel/1.4.0/package
85 silly lockFile 414efe23-ta-npm-localtunnel-1-4-0-package tar:///home/nikita/.npm/localtunnel/1.4.0/package
86 silly lockFile 9cac83d2-pm-localtunnel-1-4-0-package-tgz tar:///home/nikita/.npm/localtunnel/1.4.0/package.tgz
87 silly lockFile 9cac83d2-pm-localtunnel-1-4-0-package-tgz tar:///home/nikita/.npm/localtunnel/1.4.0/package.tgz
88 verbose chmod /home/nikita/.npm/localtunnel/1.4.0/package.tgz 644
89 verbose chown /home/nikita/.npm/localtunnel/1.4.0/package.tgz [ 1000, 1000 ]
90 silly lockFile 87a60252-ocaltunnel-localtunnel-1-4-0-tgz https://registry.npmjs.org/localtunnel/-/localtunnel-1.4.0.tgz
91 silly lockFile 87a60252-ocaltunnel-localtunnel-1-4-0-tgz https://registry.npmjs.org/localtunnel/-/localtunnel-1.4.0.tgz
92 silly lockFile f1b27222-localtunnel-1-4-0 localtunnel@1.4.0
93 silly lockFile f1b27222-localtunnel-1-4-0 localtunnel@1.4.0
94 silly lockFile c752cf78-localtunnel localtunnel@
95 silly lockFile c752cf78-localtunnel localtunnel@
96 silly resolved [ { author: { name: 'Roman Shtylman', email: 'shtylman@gmail.com' },
96 silly resolved     name: 'localtunnel',
96 silly resolved     description: 'expose localhost to the world',
96 silly resolved     version: '1.4.0',
96 silly resolved     repository:
96 silly resolved      { type: 'git',
96 silly resolved        url: 'git://github.com/shtylman/localtunnel.git' },
96 silly resolved     dependencies: { request: '2.11.4', optimist: '0.3.4', debug: '0.7.4' },
96 silly resolved     devDependencies: { mocha: '~1.17.0' },
96 silly resolved     scripts: { test: 'mocha --ui qunit --reporter list --timeout 10000 -- test/index.js' },
96 silly resolved     bin: { lt: './bin/client' },
96 silly resolved     main: './client.js',
96 silly resolved     readme: '# localtunnel [![Build Status](https://travis-ci.org/defunctzombie/localtunnel.png?branch=master)](https://travis-ci.org/defunctzombie/localtunnel) #\n\nlocaltunnel exposes your localhost to the world for easy testing and sharing! No need to mess with DNS or deploy just to have others test out your changes.\n\nGreat for working with browser testing tools like browserling or external api callback services like twilio which require a public url for callbacks.\n\n## installation ##\n\n```\nnpm install -g localtunnel\n```\n\nThis will install the localtunnel module globally and add the \'lt\' client cli tool to your PATH.\n\n## use ##\n\nAssuming your local server is running on port 8000, just use the ```lt``` command to start the tunnel.\n\n```\nlt --port 8000\n```\n\nThats it! It will connect to the tunnel server, setup the tunnel, and tell you what url to use for your testing. This url will remain active for the duration of your session; so feel free to share it with others for happy fun time!\n\nYou can restart your local server all you want, ```lt``` is smart enough to detect this and reconnect once it is back.\n\n### arguments\n\nBelow are some common arguments. See `lt --help` for additional arguments\n\n* `--subdomain` request a named subdomain on the localtunnel server (default is random characters)\n* `--local-host` proxy to a hostname other than localhost\n\n## API ##\n\nThe localtunnel client is also usable through an API (for test integration, automation, etc)\n\n### localtunnel(port [,opts], fn)\n\nCreates a new localtunnel to the specified local `port`. `fn` will be called once you have been assigned a public localtunnel url. `opts` can be used to request a specific `subdomain`.\n\n```javascript\nvar localtunnel = require(\'localtunnel\');\n\nlocaltunnel(port, function(err, tunnel) {\n    if (err) ...\n\n    // the assigned public url for your tunnel\n    // i.e. https://abcdefgjhij.localtunnel.me\n    tunnel.url;\n});\n```\n\n### opts\n\n* `subdomain` A *string* value requesting a specific subdomain on the proxy server. **Note** You may not actually receive this name depending on availablily.\n* `local_host` Proxy to this hostname instead of `localhost`. This will also cause the `Host` header to be re-written to this value in proxied requests.\n\n### Tunnel\n\nThe `tunnel` instance returned to your callback emits the following events\n\n|event|args|description|\n|----|----|----|\n|error|err|fires when an error happens on the tunnel|\n|close||fires when the tunnel has closed|\n\nThe `tunnel instance has the following methods\n\n|method|args|description|\n|----|----|----|\n|close||close the tunnel|\n\n## other clients ##\n\nClients in other languages\n\n*go* [gotunnelme](https://github.com/NoahShen/gotunnelme)\n\n## server ##\n\nSee defunctzombie/localtunnel-server for details on the server that powers localtunnel.\n\n## License ##\nMIT\n',
96 silly resolved     readmeFilename: 'README.md',
96 silly resolved     bugs: { url: 'https://github.com/shtylman/localtunnel/issues' },
96 silly resolved     _id: 'localtunnel@1.4.0',
96 silly resolved     dist: { shasum: '9a70b64c0e5918bb255f32e7a0f3f5d780354780' },
96 silly resolved     _from: 'localtunnel@',
96 silly resolved     _resolved: 'https://registry.npmjs.org/localtunnel/-/localtunnel-1.4.0.tgz' } ]
97 info install localtunnel@1.4.0 into /usr/local/lib
98 info installOne localtunnel@1.4.0
99 info /usr/local/lib/node_modules/localtunnel unbuild
100 verbose tar unpack /home/nikita/.npm/localtunnel/1.4.0/package.tgz
101 silly lockFile 64ac3b3b-cal-lib-node-modules-localtunnel tar:///usr/local/lib/node_modules/localtunnel
102 verbose lock tar:///usr/local/lib/node_modules/localtunnel /home/nikita/.npm/64ac3b3b-cal-lib-node-modules-localtunnel.lock
103 silly lockFile 9cac83d2-pm-localtunnel-1-4-0-package-tgz tar:///home/nikita/.npm/localtunnel/1.4.0/package.tgz
104 verbose lock tar:///home/nikita/.npm/localtunnel/1.4.0/package.tgz /home/nikita/.npm/9cac83d2-pm-localtunnel-1-4-0-package-tgz.lock
105 silly gunzTarPerm modes [ '755', '644' ]
106 error Error: EACCES, mkdir '/usr/local/lib/node_modules'
106 error  { [Error: EACCES, mkdir '/usr/local/lib/node_modules']
106 error   errno: 3,
106 error   code: 'EACCES',
106 error   path: '/usr/local/lib/node_modules',
106 error   fstream_type: 'Directory',
106 error   fstream_path: '/usr/local/lib/node_modules/localtunnel',
106 error   fstream_class: 'DirWriter',
106 error   fstream_stack:
106 error    [ '/usr/lib/nodejs/fstream/lib/writer.js:171:23',
106 error      '/usr/lib/nodejs/mkdirp/index.js:37:53',
106 error      'Object.oncomplete (fs.js:107:15)' ] }
107 error Please try running this command again as root/Administrator.
108 error System Linux 3.13.0-27-generic
109 error command "/usr/bin/nodejs" "/usr/bin/npm" "install" "-g" "localtunnel"
110 error cwd /home/nikita/ecs
111 error node -v v0.10.25
112 error npm -v 1.3.10
113 error path /usr/local/lib/node_modules
114 error fstream_path /usr/local/lib/node_modules/localtunnel
115 error fstream_type Directory
116 error fstream_class DirWriter
117 error code EACCES
118 error errno 3
119 error stack Error: EACCES, mkdir '/usr/local/lib/node_modules'
120 error fstream_stack /usr/lib/nodejs/fstream/lib/writer.js:171:23
120 error fstream_stack /usr/lib/nodejs/mkdirp/index.js:37:53
120 error fstream_stack Object.oncomplete (fs.js:107:15)
121 verbose exit [ 3, true ]
